<?xml version="1.0" encoding="UTF-8"?>
<testsuite name="uz.nova.novastore.NovaStoreApplicationTests" tests="1" skipped="0" failures="0" errors="0" timestamp="2024-01-11T14:14:38" hostname="DESKTOP-AFNNAKF" time="0.963">
  <properties/>
  <testcase name="contextLoads()" classname="uz.nova.novastore.NovaStoreApplicationTests" time="0.963"/>
  <system-out><![CDATA[19:14:30.979 [Test worker] INFO org.springframework.test.context.support.AnnotationConfigContextLoaderUtils -- Could not detect default configuration classes for test class [uz.nova.novastore.NovaStoreApplicationTests]: NovaStoreApplicationTests does not declare any static, non-private, non-final, nested classes annotated with @Configuration.
19:14:31.121 [Test worker] INFO org.springframework.boot.test.context.SpringBootTestContextBootstrapper -- Found @SpringBootConfiguration uz.nova.novastore.NovaStoreApplication for test class uz.nova.novastore.NovaStoreApplicationTests

  .   ____          _            __ _ _
 /\\ / ___'_ __ _ _(_)_ __  __ _ \ \ \ \
( ( )\___ | '_ | '_| | '_ \/ _` | \ \ \ \
 \\/  ___)| |_)| | | | | || (_| |  ) ) ) )
  '  |____| .__|_| |_|_| |_\__, | / / / /
 =========|_|==============|___/=/_/_/_/
 :: Spring Boot ::                (v3.1.4)

2024-01-11T19:14:31.692+05:00  INFO 2476 --- [    Test worker] u.n.novastore.NovaStoreApplicationTests  : Starting NovaStoreApplicationTests using Java 19.0.1 with PID 2476 (started by 99899 in D:\novaProject\NovaStore)
2024-01-11T19:14:31.693+05:00  INFO 2476 --- [    Test worker] u.n.novastore.NovaStoreApplicationTests  : No active profile set, falling back to 1 default profile: "default"
2024-01-11T19:14:32.811+05:00  INFO 2476 --- [    Test worker] .s.d.r.c.RepositoryConfigurationDelegate : Bootstrapping Spring Data JPA repositories in DEFAULT mode.
2024-01-11T19:14:32.909+05:00  INFO 2476 --- [    Test worker] .s.d.r.c.RepositoryConfigurationDelegate : Finished Spring Data repository scanning in 88 ms. Found 5 JPA repository interfaces.
2024-01-11T19:14:33.628+05:00  INFO 2476 --- [    Test worker] o.hibernate.jpa.internal.util.LogHelper  : HHH000204: Processing PersistenceUnitInfo [name: default]
2024-01-11T19:14:33.715+05:00  INFO 2476 --- [    Test worker] org.hibernate.Version                    : HHH000412: Hibernate ORM core version 6.2.9.Final
2024-01-11T19:14:33.719+05:00  INFO 2476 --- [    Test worker] org.hibernate.cfg.Environment            : HHH000406: Using bytecode reflection optimizer
2024-01-11T19:14:33.919+05:00  INFO 2476 --- [    Test worker] o.h.b.i.BytecodeProviderInitiator        : HHH000021: Bytecode provider name : bytebuddy
2024-01-11T19:14:34.122+05:00  INFO 2476 --- [    Test worker] o.s.o.j.p.SpringPersistenceUnitInfo      : No LoadTimeWeaver setup: ignoring JPA class transformer
2024-01-11T19:14:34.142+05:00  INFO 2476 --- [    Test worker] com.zaxxer.hikari.HikariDataSource       : HikariPool-1 - Starting...
2024-01-11T19:14:34.369+05:00  INFO 2476 --- [    Test worker] com.zaxxer.hikari.pool.HikariPool        : HikariPool-1 - Added connection org.postgresql.jdbc.PgConnection@dc8b2ff
2024-01-11T19:14:34.371+05:00  INFO 2476 --- [    Test worker] com.zaxxer.hikari.HikariDataSource       : HikariPool-1 - Start completed.
2024-01-11T19:14:34.804+05:00  INFO 2476 --- [    Test worker] o.h.b.i.BytecodeProviderInitiator        : HHH000021: Bytecode provider name : bytebuddy
2024-01-11T19:14:35.907+05:00  INFO 2476 --- [    Test worker] o.h.e.t.j.p.i.JtaPlatformInitiator       : HHH000490: Using JtaPlatform implementation: [org.hibernate.engine.transaction.jta.platform.internal.NoJtaPlatform]
2024-01-11T19:14:36.114+05:00  INFO 2476 --- [    Test worker] j.LocalContainerEntityManagerFactoryBean : Initialized JPA EntityManagerFactory for persistence unit 'default'
2024-01-11T19:14:37.398+05:00  INFO 2476 --- [    Test worker] o.s.s.web.DefaultSecurityFilterChain     : Will secure any request with [org.springframework.security.web.session.DisableEncodeUrlFilter@299615a5, org.springframework.security.web.context.request.async.WebAsyncManagerIntegrationFilter@3ba6707e, org.springframework.security.web.context.SecurityContextHolderFilter@39303a6, org.springframework.security.web.header.HeaderWriterFilter@1509bd56, org.springframework.web.filter.CorsFilter@4b407ac7, org.springframework.security.web.authentication.logout.LogoutFilter@57f1fbae, uz.nova.novastore.jwt.JwtTokenFilter@4c5ae26d, org.springframework.security.web.savedrequest.RequestCacheAwareFilter@674c01ce, org.springframework.security.web.servletapi.SecurityContextHolderAwareRequestFilter@509e0253, org.springframework.security.web.authentication.AnonymousAuthenticationFilter@5578ed7e, org.springframework.security.web.session.SessionManagementFilter@4f09d998, org.springframework.security.web.access.ExceptionTranslationFilter@3956e933, org.springframework.security.web.access.intercept.AuthorizationFilter@2e778abb]
2024-01-11T19:14:38.298+05:00  INFO 2476 --- [    Test worker] u.n.novastore.NovaStoreApplicationTests  : Started NovaStoreApplicationTests in 6.98 seconds (process running for 8.549)
]]></system-out>
  <system-err><![CDATA[]]></system-err>
</testsuite>
