<?xml version="1.0" encoding="UTF-8"?>
<testsuite name="uz.nova.novastore.NovaStoreApplicationTests" tests="1" skipped="0" failures="0" errors="0" timestamp="2024-01-20T14:58:19" hostname="DESKTOP-AFNNAKF" time="0.643">
  <properties/>
  <testcase name="contextLoads()" classname="uz.nova.novastore.NovaStoreApplicationTests" time="0.643"/>
  <system-out><![CDATA[19:58:12.925 [Test worker] INFO org.springframework.test.context.support.AnnotationConfigContextLoaderUtils -- Could not detect default configuration classes for test class [uz.nova.novastore.NovaStoreApplicationTests]: NovaStoreApplicationTests does not declare any static, non-private, non-final, nested classes annotated with @Configuration.
19:58:13.070 [Test worker] INFO org.springframework.boot.test.context.SpringBootTestContextBootstrapper -- Found @SpringBootConfiguration uz.nova.novastore.NovaStoreApplication for test class uz.nova.novastore.NovaStoreApplicationTests

  .   ____          _            __ _ _
 /\\ / ___'_ __ _ _(_)_ __  __ _ \ \ \ \
( ( )\___ | '_ | '_| | '_ \/ _` | \ \ \ \
 \\/  ___)| |_)| | | | | || (_| |  ) ) ) )
  '  |____| .__|_| |_|_| |_\__, | / / / /
 =========|_|==============|___/=/_/_/_/
 :: Spring Boot ::                (v3.1.4)

2024-01-20T19:58:13.655+05:00  INFO 15008 --- [    Test worker] u.n.novastore.NovaStoreApplicationTests  : Starting NovaStoreApplicationTests using Java 19.0.1 with PID 15008 (started by 99899 in D:\novaProject\NovaStore)
2024-01-20T19:58:13.657+05:00  INFO 15008 --- [    Test worker] u.n.novastore.NovaStoreApplicationTests  : No active profile set, falling back to 1 default profile: "default"
2024-01-20T19:58:14.680+05:00  INFO 15008 --- [    Test worker] .s.d.r.c.RepositoryConfigurationDelegate : Bootstrapping Spring Data JPA repositories in DEFAULT mode.
2024-01-20T19:58:14.790+05:00  INFO 15008 --- [    Test worker] .s.d.r.c.RepositoryConfigurationDelegate : Finished Spring Data repository scanning in 98 ms. Found 5 JPA repository interfaces.
2024-01-20T19:58:15.536+05:00  INFO 15008 --- [    Test worker] o.hibernate.jpa.internal.util.LogHelper  : HHH000204: Processing PersistenceUnitInfo [name: default]
2024-01-20T19:58:15.616+05:00  INFO 15008 --- [    Test worker] org.hibernate.Version                    : HHH000412: Hibernate ORM core version 6.2.9.Final
2024-01-20T19:58:15.619+05:00  INFO 15008 --- [    Test worker] org.hibernate.cfg.Environment            : HHH000406: Using bytecode reflection optimizer
2024-01-20T19:58:15.824+05:00  INFO 15008 --- [    Test worker] o.h.b.i.BytecodeProviderInitiator        : HHH000021: Bytecode provider name : bytebuddy
2024-01-20T19:58:16.015+05:00  INFO 15008 --- [    Test worker] o.s.o.j.p.SpringPersistenceUnitInfo      : No LoadTimeWeaver setup: ignoring JPA class transformer
2024-01-20T19:58:16.037+05:00  INFO 15008 --- [    Test worker] com.zaxxer.hikari.HikariDataSource       : HikariPool-1 - Starting...
2024-01-20T19:58:16.264+05:00  INFO 15008 --- [    Test worker] com.zaxxer.hikari.pool.HikariPool        : HikariPool-1 - Added connection org.postgresql.jdbc.PgConnection@48af5f38
2024-01-20T19:58:16.266+05:00  INFO 15008 --- [    Test worker] com.zaxxer.hikari.HikariDataSource       : HikariPool-1 - Start completed.
2024-01-20T19:58:16.667+05:00  INFO 15008 --- [    Test worker] o.h.b.i.BytecodeProviderInitiator        : HHH000021: Bytecode provider name : bytebuddy
2024-01-20T19:58:17.668+05:00  INFO 15008 --- [    Test worker] o.h.e.t.j.p.i.JtaPlatformInitiator       : HHH000490: Using JtaPlatform implementation: [org.hibernate.engine.transaction.jta.platform.internal.NoJtaPlatform]
2024-01-20T19:58:17.884+05:00  INFO 15008 --- [    Test worker] j.LocalContainerEntityManagerFactoryBean : Initialized JPA EntityManagerFactory for persistence unit 'default'
2024-01-20T19:58:18.944+05:00  INFO 15008 --- [    Test worker] o.s.s.web.DefaultSecurityFilterChain     : Will secure any request with [org.springframework.security.web.session.DisableEncodeUrlFilter@27b7913, org.springframework.security.web.context.request.async.WebAsyncManagerIntegrationFilter@4d86f330, org.springframework.security.web.context.SecurityContextHolderFilter@700596f9, org.springframework.security.web.header.HeaderWriterFilter@73796ae5, org.springframework.web.filter.CorsFilter@1e8b0ab5, org.springframework.security.web.authentication.logout.LogoutFilter@7c5fbde4, uz.nova.novastore.jwt.JwtTokenFilter@7ef34eb3, org.springframework.security.web.savedrequest.RequestCacheAwareFilter@33293b34, org.springframework.security.web.servletapi.SecurityContextHolderAwareRequestFilter@344f4a82, org.springframework.security.web.authentication.AnonymousAuthenticationFilter@2719139f, org.springframework.security.web.session.SessionManagementFilter@2c4eda3a, org.springframework.security.web.access.ExceptionTranslationFilter@64a00fe0, org.springframework.security.web.access.intercept.AuthorizationFilter@4ff00844]
2024-01-20T19:58:19.808+05:00  INFO 15008 --- [    Test worker] u.n.novastore.NovaStoreApplicationTests  : Started NovaStoreApplicationTests in 6.539 seconds (process running for 8.156)
]]></system-out>
  <system-err><![CDATA[]]></system-err>
</testsuite>
