<?xml version="1.0" encoding="UTF-8"?>
<testsuite name="uz.nova.novastore.NovaStoreApplicationTests" tests="1" skipped="0" failures="0" errors="0" timestamp="2023-12-19T18:04:12" hostname="DESKTOP-AFNNAKF" time="0.619">
  <properties/>
  <testcase name="contextLoads()" classname="uz.nova.novastore.NovaStoreApplicationTests" time="0.619"/>
  <system-out><![CDATA[23:04:06.020 [Test worker] INFO org.springframework.test.context.support.AnnotationConfigContextLoaderUtils -- Could not detect default configuration classes for test class [uz.nova.novastore.NovaStoreApplicationTests]: NovaStoreApplicationTests does not declare any static, non-private, non-final, nested classes annotated with @Configuration.
23:04:06.150 [Test worker] INFO org.springframework.boot.test.context.SpringBootTestContextBootstrapper -- Found @SpringBootConfiguration uz.nova.novastore.NovaStoreApplication for test class uz.nova.novastore.NovaStoreApplicationTests

  .   ____          _            __ _ _
 /\\ / ___'_ __ _ _(_)_ __  __ _ \ \ \ \
( ( )\___ | '_ | '_| | '_ \/ _` | \ \ \ \
 \\/  ___)| |_)| | | | | || (_| |  ) ) ) )
  '  |____| .__|_| |_|_| |_\__, | / / / /
 =========|_|==============|___/=/_/_/_/
 :: Spring Boot ::                (v3.1.4)

2023-12-19T23:04:06.731+05:00  INFO 18192 --- [    Test worker] u.n.novastore.NovaStoreApplicationTests  : Starting NovaStoreApplicationTests using Java 19.0.1 with PID 18192 (started by 99899 in D:\novaProject\NovaStore)
2023-12-19T23:04:06.732+05:00  INFO 18192 --- [    Test worker] u.n.novastore.NovaStoreApplicationTests  : No active profile set, falling back to 1 default profile: "default"
2023-12-19T23:04:07.870+05:00  INFO 18192 --- [    Test worker] .s.d.r.c.RepositoryConfigurationDelegate : Bootstrapping Spring Data JPA repositories in DEFAULT mode.
2023-12-19T23:04:07.968+05:00  INFO 18192 --- [    Test worker] .s.d.r.c.RepositoryConfigurationDelegate : Finished Spring Data repository scanning in 89 ms. Found 5 JPA repository interfaces.
2023-12-19T23:04:08.706+05:00  INFO 18192 --- [    Test worker] o.hibernate.jpa.internal.util.LogHelper  : HHH000204: Processing PersistenceUnitInfo [name: default]
2023-12-19T23:04:08.786+05:00  INFO 18192 --- [    Test worker] org.hibernate.Version                    : HHH000412: Hibernate ORM core version 6.2.9.Final
2023-12-19T23:04:08.790+05:00  INFO 18192 --- [    Test worker] org.hibernate.cfg.Environment            : HHH000406: Using bytecode reflection optimizer
2023-12-19T23:04:08.971+05:00  INFO 18192 --- [    Test worker] o.h.b.i.BytecodeProviderInitiator        : HHH000021: Bytecode provider name : bytebuddy
2023-12-19T23:04:09.157+05:00  INFO 18192 --- [    Test worker] o.s.o.j.p.SpringPersistenceUnitInfo      : No LoadTimeWeaver setup: ignoring JPA class transformer
2023-12-19T23:04:09.178+05:00  INFO 18192 --- [    Test worker] com.zaxxer.hikari.HikariDataSource       : HikariPool-1 - Starting...
2023-12-19T23:04:09.411+05:00  INFO 18192 --- [    Test worker] com.zaxxer.hikari.pool.HikariPool        : HikariPool-1 - Added connection org.postgresql.jdbc.PgConnection@21a9f95b
2023-12-19T23:04:09.414+05:00  INFO 18192 --- [    Test worker] com.zaxxer.hikari.HikariDataSource       : HikariPool-1 - Start completed.
2023-12-19T23:04:09.837+05:00  INFO 18192 --- [    Test worker] o.h.b.i.BytecodeProviderInitiator        : HHH000021: Bytecode provider name : bytebuddy
2023-12-19T23:04:10.873+05:00  INFO 18192 --- [    Test worker] o.h.e.t.j.p.i.JtaPlatformInitiator       : HHH000490: Using JtaPlatform implementation: [org.hibernate.engine.transaction.jta.platform.internal.NoJtaPlatform]
2023-12-19T23:04:11.080+05:00  INFO 18192 --- [    Test worker] j.LocalContainerEntityManagerFactoryBean : Initialized JPA EntityManagerFactory for persistence unit 'default'
2023-12-19T23:04:12.144+05:00  INFO 18192 --- [    Test worker] o.s.s.web.DefaultSecurityFilterChain     : Will secure any request with [org.springframework.security.web.session.DisableEncodeUrlFilter@2ac00dc9, org.springframework.security.web.context.request.async.WebAsyncManagerIntegrationFilter@33293b34, org.springframework.security.web.context.SecurityContextHolderFilter@40aaf656, org.springframework.security.web.header.HeaderWriterFilter@2f59cb6f, org.springframework.web.filter.CorsFilter@68a1bb31, org.springframework.security.web.authentication.logout.LogoutFilter@347f0950, uz.nova.novastore.jwt.JwtTokenFilter@344f4a82, org.springframework.security.web.savedrequest.RequestCacheAwareFilter@167ccc3c, org.springframework.security.web.servletapi.SecurityContextHolderAwareRequestFilter@3e242137, org.springframework.security.web.authentication.AnonymousAuthenticationFilter@1ecbb787, org.springframework.security.web.session.SessionManagementFilter@1e60890c, org.springframework.security.web.access.ExceptionTranslationFilter@430dbcb0, org.springframework.security.web.access.intercept.AuthorizationFilter@466bf366]
2023-12-19T23:04:12.957+05:00  INFO 18192 --- [    Test worker] u.n.novastore.NovaStoreApplicationTests  : Started NovaStoreApplicationTests in 6.603 seconds (process running for 8.22)
]]></system-out>
  <system-err><![CDATA[]]></system-err>
</testsuite>
