<?xml version="1.0" encoding="UTF-8"?>
<testsuite name="uz.nova.novastore.NovaStoreApplicationTests" tests="1" skipped="0" failures="0" errors="0" timestamp="2023-12-17T13:36:56" hostname="DESKTOP-AFNNAKF" time="0.602">
  <properties/>
  <testcase name="contextLoads()" classname="uz.nova.novastore.NovaStoreApplicationTests" time="0.602"/>
  <system-out><![CDATA[18:36:38.000 [Test worker] INFO org.springframework.test.context.support.AnnotationConfigContextLoaderUtils -- Could not detect default configuration classes for test class [uz.nova.novastore.NovaStoreApplicationTests]: NovaStoreApplicationTests does not declare any static, non-private, non-final, nested classes annotated with @Configuration.
18:36:38.123 [Test worker] INFO org.springframework.boot.test.context.SpringBootTestContextBootstrapper -- Found @SpringBootConfiguration uz.nova.novastore.NovaStoreApplication for test class uz.nova.novastore.NovaStoreApplicationTests

  .   ____          _            __ _ _
 /\\ / ___'_ __ _ _(_)_ __  __ _ \ \ \ \
( ( )\___ | '_ | '_| | '_ \/ _` | \ \ \ \
 \\/  ___)| |_)| | | | | || (_| |  ) ) ) )
  '  |____| .__|_| |_|_| |_\__, | / / / /
 =========|_|==============|___/=/_/_/_/
 :: Spring Boot ::                (v3.1.4)

2023-12-17T18:36:38.703+05:00  INFO 10848 --- [    Test worker] u.n.novastore.NovaStoreApplicationTests  : Starting NovaStoreApplicationTests using Java 19.0.1 with PID 10848 (started by 99899 in D:\novaProject\NovaStore)
2023-12-17T18:36:38.705+05:00  INFO 10848 --- [    Test worker] u.n.novastore.NovaStoreApplicationTests  : No active profile set, falling back to 1 default profile: "default"
2023-12-17T18:36:39.753+05:00  INFO 10848 --- [    Test worker] .s.d.r.c.RepositoryConfigurationDelegate : Bootstrapping Spring Data JPA repositories in DEFAULT mode.
2023-12-17T18:36:39.849+05:00  INFO 10848 --- [    Test worker] .s.d.r.c.RepositoryConfigurationDelegate : Finished Spring Data repository scanning in 87 ms. Found 5 JPA repository interfaces.
2023-12-17T18:36:40.530+05:00  INFO 10848 --- [    Test worker] o.hibernate.jpa.internal.util.LogHelper  : HHH000204: Processing PersistenceUnitInfo [name: default]
2023-12-17T18:36:40.606+05:00  INFO 10848 --- [    Test worker] org.hibernate.Version                    : HHH000412: Hibernate ORM core version 6.2.9.Final
2023-12-17T18:36:40.609+05:00  INFO 10848 --- [    Test worker] org.hibernate.cfg.Environment            : HHH000406: Using bytecode reflection optimizer
2023-12-17T18:36:40.797+05:00  INFO 10848 --- [    Test worker] o.h.b.i.BytecodeProviderInitiator        : HHH000021: Bytecode provider name : bytebuddy
2023-12-17T18:36:40.992+05:00  INFO 10848 --- [    Test worker] o.s.o.j.p.SpringPersistenceUnitInfo      : No LoadTimeWeaver setup: ignoring JPA class transformer
2023-12-17T18:36:41.015+05:00  INFO 10848 --- [    Test worker] com.zaxxer.hikari.HikariDataSource       : HikariPool-1 - Starting...
2023-12-17T18:36:43.730+05:00  INFO 10848 --- [    Test worker] com.zaxxer.hikari.pool.HikariPool        : HikariPool-1 - Added connection org.postgresql.jdbc.PgConnection@336d28a1
2023-12-17T18:36:43.731+05:00  INFO 10848 --- [    Test worker] com.zaxxer.hikari.HikariDataSource       : HikariPool-1 - Start completed.
2023-12-17T18:36:44.823+05:00  INFO 10848 --- [    Test worker] o.h.b.i.BytecodeProviderInitiator        : HHH000021: Bytecode provider name : bytebuddy
2023-12-17T18:36:45.813+05:00  INFO 10848 --- [    Test worker] o.h.e.t.j.p.i.JtaPlatformInitiator       : HHH000490: Using JtaPlatform implementation: [org.hibernate.engine.transaction.jta.platform.internal.NoJtaPlatform]
2023-12-17T18:36:54.263+05:00  INFO 10848 --- [    Test worker] j.LocalContainerEntityManagerFactoryBean : Initialized JPA EntityManagerFactory for persistence unit 'default'
2023-12-17T18:36:55.217+05:00  INFO 10848 --- [    Test worker] o.s.s.web.DefaultSecurityFilterChain     : Will secure any request with [org.springframework.security.web.session.DisableEncodeUrlFilter@21d478f3, org.springframework.security.web.context.request.async.WebAsyncManagerIntegrationFilter@3be60847, org.springframework.security.web.context.SecurityContextHolderFilter@4667c6d9, org.springframework.security.web.header.HeaderWriterFilter@14a488ed, org.springframework.web.filter.CorsFilter@19ea65f4, org.springframework.security.web.authentication.logout.LogoutFilter@2d541e01, uz.nova.novastore.jwt.JwtTokenFilter@3dfe2797, org.springframework.security.web.savedrequest.RequestCacheAwareFilter@515555b, org.springframework.security.web.servletapi.SecurityContextHolderAwareRequestFilter@204beb58, org.springframework.security.web.authentication.AnonymousAuthenticationFilter@3f6fd33b, org.springframework.security.web.session.SessionManagementFilter@3a744e32, org.springframework.security.web.access.ExceptionTranslationFilter@8d5b303, org.springframework.security.web.access.intercept.AuthorizationFilter@6c4eccd2]
2023-12-17T18:36:56.064+05:00  INFO 10848 --- [    Test worker] u.n.novastore.NovaStoreApplicationTests  : Started NovaStoreApplicationTests in 17.735 seconds (process running for 19.311)
]]></system-out>
  <system-err><![CDATA[]]></system-err>
</testsuite>
