<?xml version="1.0" encoding="UTF-8"?>
<testsuite name="uz.nova.novastore.NovaStoreApplicationTests" tests="1" skipped="0" failures="0" errors="0" timestamp="2023-12-11T16:45:16" hostname="DESKTOP-AFNNAKF" time="0.61">
  <properties/>
  <testcase name="contextLoads()" classname="uz.nova.novastore.NovaStoreApplicationTests" time="0.61"/>
  <system-out><![CDATA[21:44:54.084 [Test worker] INFO org.springframework.test.context.support.AnnotationConfigContextLoaderUtils -- Could not detect default configuration classes for test class [uz.nova.novastore.NovaStoreApplicationTests]: NovaStoreApplicationTests does not declare any static, non-private, non-final, nested classes annotated with @Configuration.
21:44:54.222 [Test worker] INFO org.springframework.boot.test.context.SpringBootTestContextBootstrapper -- Found @SpringBootConfiguration uz.nova.novastore.NovaStoreApplication for test class uz.nova.novastore.NovaStoreApplicationTests

  .   ____          _            __ _ _
 /\\ / ___'_ __ _ _(_)_ __  __ _ \ \ \ \
( ( )\___ | '_ | '_| | '_ \/ _` | \ \ \ \
 \\/  ___)| |_)| | | | | || (_| |  ) ) ) )
  '  |____| .__|_| |_|_| |_\__, | / / / /
 =========|_|==============|___/=/_/_/_/
 :: Spring Boot ::                (v3.1.4)

2023-12-11T21:44:54.774+05:00  INFO 4664 --- [    Test worker] u.n.novastore.NovaStoreApplicationTests  : Starting NovaStoreApplicationTests using Java 19.0.1 with PID 4664 (started by 99899 in D:\novaProject\NovaStore)
2023-12-11T21:44:54.776+05:00  INFO 4664 --- [    Test worker] u.n.novastore.NovaStoreApplicationTests  : No active profile set, falling back to 1 default profile: "default"
2023-12-11T21:44:55.927+05:00  INFO 4664 --- [    Test worker] .s.d.r.c.RepositoryConfigurationDelegate : Bootstrapping Spring Data JPA repositories in DEFAULT mode.
2023-12-11T21:44:56.038+05:00  INFO 4664 --- [    Test worker] .s.d.r.c.RepositoryConfigurationDelegate : Finished Spring Data repository scanning in 99 ms. Found 5 JPA repository interfaces.
2023-12-11T21:44:56.860+05:00  INFO 4664 --- [    Test worker] o.hibernate.jpa.internal.util.LogHelper  : HHH000204: Processing PersistenceUnitInfo [name: default]
2023-12-11T21:44:56.949+05:00  INFO 4664 --- [    Test worker] org.hibernate.Version                    : HHH000412: Hibernate ORM core version 6.2.9.Final
2023-12-11T21:44:56.952+05:00  INFO 4664 --- [    Test worker] org.hibernate.cfg.Environment            : HHH000406: Using bytecode reflection optimizer
2023-12-11T21:44:57.146+05:00  INFO 4664 --- [    Test worker] o.h.b.i.BytecodeProviderInitiator        : HHH000021: Bytecode provider name : bytebuddy
2023-12-11T21:44:57.353+05:00  INFO 4664 --- [    Test worker] o.s.o.j.p.SpringPersistenceUnitInfo      : No LoadTimeWeaver setup: ignoring JPA class transformer
2023-12-11T21:44:57.377+05:00  INFO 4664 --- [    Test worker] com.zaxxer.hikari.HikariDataSource       : HikariPool-1 - Starting...
2023-12-11T21:45:02.300+05:00  INFO 4664 --- [    Test worker] com.zaxxer.hikari.pool.HikariPool        : HikariPool-1 - Added connection org.postgresql.jdbc.PgConnection@43ab0659
2023-12-11T21:45:02.302+05:00  INFO 4664 --- [    Test worker] com.zaxxer.hikari.HikariDataSource       : HikariPool-1 - Start completed.
2023-12-11T21:45:03.533+05:00  INFO 4664 --- [    Test worker] o.h.b.i.BytecodeProviderInitiator        : HHH000021: Bytecode provider name : bytebuddy
2023-12-11T21:45:04.508+05:00  INFO 4664 --- [    Test worker] o.h.e.t.j.p.i.JtaPlatformInitiator       : HHH000490: Using JtaPlatform implementation: [org.hibernate.engine.transaction.jta.platform.internal.NoJtaPlatform]
2023-12-11T21:45:14.784+05:00  INFO 4664 --- [    Test worker] j.LocalContainerEntityManagerFactoryBean : Initialized JPA EntityManagerFactory for persistence unit 'default'
2023-12-11T21:45:15.800+05:00  INFO 4664 --- [    Test worker] o.s.s.web.DefaultSecurityFilterChain     : Will secure any request with [org.springframework.security.web.session.DisableEncodeUrlFilter@5ce7ab6f, org.springframework.security.web.context.request.async.WebAsyncManagerIntegrationFilter@28f7cca4, org.springframework.security.web.context.SecurityContextHolderFilter@4fb3c670, org.springframework.security.web.header.HeaderWriterFilter@41f84bb1, org.springframework.web.filter.CorsFilter@6015c745, org.springframework.security.web.authentication.logout.LogoutFilter@100d071, uz.nova.novastore.jwt.JwtTokenFilter@2d541e01, org.springframework.security.web.savedrequest.RequestCacheAwareFilter@51a65f56, org.springframework.security.web.servletapi.SecurityContextHolderAwareRequestFilter@5984742f, org.springframework.security.web.authentication.AnonymousAuthenticationFilter@4c897417, org.springframework.security.web.session.SessionManagementFilter@7c9b0c16, org.springframework.security.web.access.ExceptionTranslationFilter@61b6f287, org.springframework.security.web.access.intercept.AuthorizationFilter@43e6f05f]
2023-12-11T21:45:16.676+05:00  INFO 4664 --- [    Test worker] u.n.novastore.NovaStoreApplicationTests  : Started NovaStoreApplicationTests in 22.263 seconds (process running for 24.024)
]]></system-out>
  <system-err><![CDATA[]]></system-err>
</testsuite>
