<?xml version="1.0" encoding="UTF-8"?>
<testsuite name="uz.nova.novastore.NovaStoreApplicationTests" tests="1" skipped="0" failures="0" errors="0" timestamp="2023-12-19T19:32:07" hostname="DESKTOP-AFNNAKF" time="0.62">
  <properties/>
  <testcase name="contextLoads()" classname="uz.nova.novastore.NovaStoreApplicationTests" time="0.62"/>
  <system-out><![CDATA[00:31:50.227 [Test worker] INFO org.springframework.test.context.support.AnnotationConfigContextLoaderUtils -- Could not detect default configuration classes for test class [uz.nova.novastore.NovaStoreApplicationTests]: NovaStoreApplicationTests does not declare any static, non-private, non-final, nested classes annotated with @Configuration.
00:31:50.357 [Test worker] INFO org.springframework.boot.test.context.SpringBootTestContextBootstrapper -- Found @SpringBootConfiguration uz.nova.novastore.NovaStoreApplication for test class uz.nova.novastore.NovaStoreApplicationTests

  .   ____          _            __ _ _
 /\\ / ___'_ __ _ _(_)_ __  __ _ \ \ \ \
( ( )\___ | '_ | '_| | '_ \/ _` | \ \ \ \
 \\/  ___)| |_)| | | | | || (_| |  ) ) ) )
  '  |____| .__|_| |_|_| |_\__, | / / / /
 =========|_|==============|___/=/_/_/_/
 :: Spring Boot ::                (v3.1.4)

2023-12-20T00:31:50.913+05:00  INFO 10956 --- [    Test worker] u.n.novastore.NovaStoreApplicationTests  : Starting NovaStoreApplicationTests using Java 19.0.1 with PID 10956 (started by 99899 in D:\novaProject\NovaStore)
2023-12-20T00:31:50.915+05:00  INFO 10956 --- [    Test worker] u.n.novastore.NovaStoreApplicationTests  : No active profile set, falling back to 1 default profile: "default"
2023-12-20T00:31:51.979+05:00  INFO 10956 --- [    Test worker] .s.d.r.c.RepositoryConfigurationDelegate : Bootstrapping Spring Data JPA repositories in DEFAULT mode.
2023-12-20T00:31:52.078+05:00  INFO 10956 --- [    Test worker] .s.d.r.c.RepositoryConfigurationDelegate : Finished Spring Data repository scanning in 88 ms. Found 5 JPA repository interfaces.
2023-12-20T00:31:52.761+05:00  INFO 10956 --- [    Test worker] o.hibernate.jpa.internal.util.LogHelper  : HHH000204: Processing PersistenceUnitInfo [name: default]
2023-12-20T00:31:52.850+05:00  INFO 10956 --- [    Test worker] org.hibernate.Version                    : HHH000412: Hibernate ORM core version 6.2.9.Final
2023-12-20T00:31:52.853+05:00  INFO 10956 --- [    Test worker] org.hibernate.cfg.Environment            : HHH000406: Using bytecode reflection optimizer
2023-12-20T00:31:53.039+05:00  INFO 10956 --- [    Test worker] o.h.b.i.BytecodeProviderInitiator        : HHH000021: Bytecode provider name : bytebuddy
2023-12-20T00:31:53.222+05:00  INFO 10956 --- [    Test worker] o.s.o.j.p.SpringPersistenceUnitInfo      : No LoadTimeWeaver setup: ignoring JPA class transformer
2023-12-20T00:31:53.244+05:00  INFO 10956 --- [    Test worker] com.zaxxer.hikari.HikariDataSource       : HikariPool-1 - Starting...
2023-12-20T00:31:55.885+05:00  INFO 10956 --- [    Test worker] com.zaxxer.hikari.pool.HikariPool        : HikariPool-1 - Added connection org.postgresql.jdbc.PgConnection@2e0652ab
2023-12-20T00:31:55.887+05:00  INFO 10956 --- [    Test worker] com.zaxxer.hikari.HikariDataSource       : HikariPool-1 - Start completed.
2023-12-20T00:31:56.977+05:00  INFO 10956 --- [    Test worker] o.h.b.i.BytecodeProviderInitiator        : HHH000021: Bytecode provider name : bytebuddy
2023-12-20T00:31:57.941+05:00  INFO 10956 --- [    Test worker] o.h.e.t.j.p.i.JtaPlatformInitiator       : HHH000490: Using JtaPlatform implementation: [org.hibernate.engine.transaction.jta.platform.internal.NoJtaPlatform]
2023-12-20T00:32:06.150+05:00  INFO 10956 --- [    Test worker] j.LocalContainerEntityManagerFactoryBean : Initialized JPA EntityManagerFactory for persistence unit 'default'
2023-12-20T00:32:07.154+05:00  INFO 10956 --- [    Test worker] o.s.s.web.DefaultSecurityFilterChain     : Will secure any request with [org.springframework.security.web.session.DisableEncodeUrlFilter@6a450cb5, org.springframework.security.web.context.request.async.WebAsyncManagerIntegrationFilter@c4bb119, org.springframework.security.web.context.SecurityContextHolderFilter@951053f, org.springframework.security.web.header.HeaderWriterFilter@4505ec36, org.springframework.web.filter.CorsFilter@66075347, org.springframework.security.web.authentication.logout.LogoutFilter@1dd4c691, uz.nova.novastore.jwt.JwtTokenFilter@3b45a3e6, org.springframework.security.web.savedrequest.RequestCacheAwareFilter@6f45be6f, org.springframework.security.web.servletapi.SecurityContextHolderAwareRequestFilter@6441db2c, org.springframework.security.web.authentication.AnonymousAuthenticationFilter@7927209f, org.springframework.security.web.session.SessionManagementFilter@1f031994, org.springframework.security.web.access.ExceptionTranslationFilter@4c7d19bf, org.springframework.security.web.access.intercept.AuthorizationFilter@b2db8bc]
2023-12-20T00:32:07.949+05:00  INFO 10956 --- [    Test worker] u.n.novastore.NovaStoreApplicationTests  : Started NovaStoreApplicationTests in 17.396 seconds (process running for 18.973)
]]></system-out>
  <system-err><![CDATA[]]></system-err>
</testsuite>
