<?xml version="1.0" encoding="UTF-8"?>
<testsuite name="uz.nova.novastore.NovaStoreApplicationTests" tests="1" skipped="0" failures="0" errors="0" timestamp="2023-12-09T08:27:04" hostname="DESKTOP-AFNNAKF" time="0.571">
  <properties/>
  <testcase name="contextLoads()" classname="uz.nova.novastore.NovaStoreApplicationTests" time="0.571"/>
  <system-out><![CDATA[13:26:45.381 [Test worker] INFO org.springframework.test.context.support.AnnotationConfigContextLoaderUtils -- Could not detect default configuration classes for test class [uz.nova.novastore.NovaStoreApplicationTests]: NovaStoreApplicationTests does not declare any static, non-private, non-final, nested classes annotated with @Configuration.
13:26:45.504 [Test worker] INFO org.springframework.boot.test.context.SpringBootTestContextBootstrapper -- Found @SpringBootConfiguration uz.nova.novastore.NovaStoreApplication for test class uz.nova.novastore.NovaStoreApplicationTests

  .   ____          _            __ _ _
 /\\ / ___'_ __ _ _(_)_ __  __ _ \ \ \ \
( ( )\___ | '_ | '_| | '_ \/ _` | \ \ \ \
 \\/  ___)| |_)| | | | | || (_| |  ) ) ) )
  '  |____| .__|_| |_|_| |_\__, | / / / /
 =========|_|==============|___/=/_/_/_/
 :: Spring Boot ::                (v3.1.4)

2023-12-09T13:26:46.049+05:00  INFO 14152 --- [    Test worker] u.n.novastore.NovaStoreApplicationTests  : Starting NovaStoreApplicationTests using Java 19.0.1 with PID 14152 (started by 99899 in D:\novaProject\NovaStore)
2023-12-09T13:26:46.051+05:00  INFO 14152 --- [    Test worker] u.n.novastore.NovaStoreApplicationTests  : No active profile set, falling back to 1 default profile: "default"
2023-12-09T13:26:47.069+05:00  INFO 14152 --- [    Test worker] .s.d.r.c.RepositoryConfigurationDelegate : Bootstrapping Spring Data JPA repositories in DEFAULT mode.
2023-12-09T13:26:47.164+05:00  INFO 14152 --- [    Test worker] .s.d.r.c.RepositoryConfigurationDelegate : Finished Spring Data repository scanning in 83 ms. Found 5 JPA repository interfaces.
2023-12-09T13:26:47.831+05:00  INFO 14152 --- [    Test worker] o.hibernate.jpa.internal.util.LogHelper  : HHH000204: Processing PersistenceUnitInfo [name: default]
2023-12-09T13:26:47.911+05:00  INFO 14152 --- [    Test worker] org.hibernate.Version                    : HHH000412: Hibernate ORM core version 6.2.9.Final
2023-12-09T13:26:47.914+05:00  INFO 14152 --- [    Test worker] org.hibernate.cfg.Environment            : HHH000406: Using bytecode reflection optimizer
2023-12-09T13:26:48.082+05:00  INFO 14152 --- [    Test worker] o.h.b.i.BytecodeProviderInitiator        : HHH000021: Bytecode provider name : bytebuddy
2023-12-09T13:26:48.265+05:00  INFO 14152 --- [    Test worker] o.s.o.j.p.SpringPersistenceUnitInfo      : No LoadTimeWeaver setup: ignoring JPA class transformer
2023-12-09T13:26:48.286+05:00  INFO 14152 --- [    Test worker] com.zaxxer.hikari.HikariDataSource       : HikariPool-1 - Starting...
2023-12-09T13:26:51.241+05:00  INFO 14152 --- [    Test worker] com.zaxxer.hikari.pool.HikariPool        : HikariPool-1 - Added connection org.postgresql.jdbc.PgConnection@54941dfd
2023-12-09T13:26:51.242+05:00  INFO 14152 --- [    Test worker] com.zaxxer.hikari.HikariDataSource       : HikariPool-1 - Start completed.
2023-12-09T13:26:52.389+05:00  INFO 14152 --- [    Test worker] o.h.b.i.BytecodeProviderInitiator        : HHH000021: Bytecode provider name : bytebuddy
2023-12-09T13:26:53.361+05:00  INFO 14152 --- [    Test worker] o.h.e.t.j.p.i.JtaPlatformInitiator       : HHH000490: Using JtaPlatform implementation: [org.hibernate.engine.transaction.jta.platform.internal.NoJtaPlatform]
2023-12-09T13:27:02.554+05:00  INFO 14152 --- [    Test worker] j.LocalContainerEntityManagerFactoryBean : Initialized JPA EntityManagerFactory for persistence unit 'default'
2023-12-09T13:27:03.452+05:00  INFO 14152 --- [    Test worker] o.s.s.web.DefaultSecurityFilterChain     : Will secure any request with [org.springframework.security.web.session.DisableEncodeUrlFilter@7104b117, org.springframework.security.web.context.request.async.WebAsyncManagerIntegrationFilter@74597c37, org.springframework.security.web.context.SecurityContextHolderFilter@5069a91b, org.springframework.security.web.header.HeaderWriterFilter@298cfe89, org.springframework.web.filter.CorsFilter@cd9ce76, org.springframework.security.web.authentication.logout.LogoutFilter@2693e39c, uz.nova.novastore.jwt.JwtTokenFilter@421c057a, org.springframework.security.web.savedrequest.RequestCacheAwareFilter@322399e6, org.springframework.security.web.servletapi.SecurityContextHolderAwareRequestFilter@36e95b7b, org.springframework.security.web.authentication.AnonymousAuthenticationFilter@16448827, org.springframework.security.web.session.SessionManagementFilter@60be9fdf, org.springframework.security.web.access.ExceptionTranslationFilter@5d1d05ff, org.springframework.security.web.access.intercept.AuthorizationFilter@740530b]
2023-12-09T13:27:04.235+05:00  INFO 14152 --- [    Test worker] u.n.novastore.NovaStoreApplicationTests  : Started NovaStoreApplicationTests in 18.538 seconds (process running for 20.101)
]]></system-out>
  <system-err><![CDATA[]]></system-err>
</testsuite>
