<?xml version="1.0" encoding="UTF-8"?>
<testsuite name="uz.nova.novastore.NovaStoreApplicationTests" tests="1" skipped="0" failures="0" errors="0" timestamp="2024-02-04T13:11:23" hostname="DESKTOP-AFNNAKF" time="0.617">
  <properties/>
  <testcase name="contextLoads()" classname="uz.nova.novastore.NovaStoreApplicationTests" time="0.617"/>
  <system-out><![CDATA[18:11:05.168 [Test worker] INFO org.springframework.test.context.support.AnnotationConfigContextLoaderUtils -- Could not detect default configuration classes for test class [uz.nova.novastore.NovaStoreApplicationTests]: NovaStoreApplicationTests does not declare any static, non-private, non-final, nested classes annotated with @Configuration.
18:11:05.317 [Test worker] INFO org.springframework.boot.test.context.SpringBootTestContextBootstrapper -- Found @SpringBootConfiguration uz.nova.novastore.NovaStoreApplication for test class uz.nova.novastore.NovaStoreApplicationTests

  .   ____          _            __ _ _
 /\\ / ___'_ __ _ _(_)_ __  __ _ \ \ \ \
( ( )\___ | '_ | '_| | '_ \/ _` | \ \ \ \
 \\/  ___)| |_)| | | | | || (_| |  ) ) ) )
  '  |____| .__|_| |_|_| |_\__, | / / / /
 =========|_|==============|___/=/_/_/_/
 :: Spring Boot ::                (v3.1.4)

2024-02-04T18:11:05.917+05:00  INFO 14228 --- [    Test worker] u.n.novastore.NovaStoreApplicationTests  : Starting NovaStoreApplicationTests using Java 19.0.1 with PID 14228 (started by 99899 in D:\novaProject\NovaStore)
2024-02-04T18:11:05.919+05:00  INFO 14228 --- [    Test worker] u.n.novastore.NovaStoreApplicationTests  : No active profile set, falling back to 1 default profile: "default"
2024-02-04T18:11:06.965+05:00  INFO 14228 --- [    Test worker] .s.d.r.c.RepositoryConfigurationDelegate : Bootstrapping Spring Data JPA repositories in DEFAULT mode.
2024-02-04T18:11:07.063+05:00  INFO 14228 --- [    Test worker] .s.d.r.c.RepositoryConfigurationDelegate : Finished Spring Data repository scanning in 86 ms. Found 5 JPA repository interfaces.
2024-02-04T18:11:07.774+05:00  INFO 14228 --- [    Test worker] o.hibernate.jpa.internal.util.LogHelper  : HHH000204: Processing PersistenceUnitInfo [name: default]
2024-02-04T18:11:07.859+05:00  INFO 14228 --- [    Test worker] org.hibernate.Version                    : HHH000412: Hibernate ORM core version 6.2.9.Final
2024-02-04T18:11:07.863+05:00  INFO 14228 --- [    Test worker] org.hibernate.cfg.Environment            : HHH000406: Using bytecode reflection optimizer
2024-02-04T18:11:08.052+05:00  INFO 14228 --- [    Test worker] o.h.b.i.BytecodeProviderInitiator        : HHH000021: Bytecode provider name : bytebuddy
2024-02-04T18:11:08.236+05:00  INFO 14228 --- [    Test worker] o.s.o.j.p.SpringPersistenceUnitInfo      : No LoadTimeWeaver setup: ignoring JPA class transformer
2024-02-04T18:11:08.261+05:00  INFO 14228 --- [    Test worker] com.zaxxer.hikari.HikariDataSource       : HikariPool-1 - Starting...
2024-02-04T18:11:11.167+05:00  INFO 14228 --- [    Test worker] com.zaxxer.hikari.pool.HikariPool        : HikariPool-1 - Added connection org.postgresql.jdbc.PgConnection@c4551c6
2024-02-04T18:11:11.169+05:00  INFO 14228 --- [    Test worker] com.zaxxer.hikari.HikariDataSource       : HikariPool-1 - Start completed.
2024-02-04T18:11:12.269+05:00  INFO 14228 --- [    Test worker] o.h.b.i.BytecodeProviderInitiator        : HHH000021: Bytecode provider name : bytebuddy
2024-02-04T18:11:13.292+05:00  INFO 14228 --- [    Test worker] o.h.e.t.j.p.i.JtaPlatformInitiator       : HHH000490: Using JtaPlatform implementation: [org.hibernate.engine.transaction.jta.platform.internal.NoJtaPlatform]
2024-02-04T18:11:21.638+05:00  INFO 14228 --- [    Test worker] j.LocalContainerEntityManagerFactoryBean : Initialized JPA EntityManagerFactory for persistence unit 'default'
2024-02-04T18:11:22.192+05:00  INFO 14228 --- [    Test worker] o.s.d.j.r.query.QueryEnhancerFactory     : Hibernate is in classpath; If applicable, HQL parser will be used.
2024-02-04T18:11:22.704+05:00  INFO 14228 --- [    Test worker] o.s.s.web.DefaultSecurityFilterChain     : Will secure any request with [org.springframework.security.web.session.DisableEncodeUrlFilter@19412eef, org.springframework.security.web.context.request.async.WebAsyncManagerIntegrationFilter@542b27af, org.springframework.security.web.context.SecurityContextHolderFilter@3d00c2ae, org.springframework.security.web.header.HeaderWriterFilter@3a3375d8, org.springframework.web.filter.CorsFilter@7e092ca, org.springframework.security.web.authentication.logout.LogoutFilter@374712f8, uz.nova.novastore.jwt.JwtTokenFilter@7ae97a58, org.springframework.security.web.savedrequest.RequestCacheAwareFilter@3eb7ff78, org.springframework.security.web.servletapi.SecurityContextHolderAwareRequestFilter@50ad5625, org.springframework.security.web.authentication.AnonymousAuthenticationFilter@6a4f15bc, org.springframework.security.web.session.SessionManagementFilter@7c74ef4a, org.springframework.security.web.access.ExceptionTranslationFilter@12f32f99, org.springframework.security.web.access.intercept.AuthorizationFilter@50915d5]
2024-02-04T18:11:23.555+05:00  INFO 14228 --- [    Test worker] u.n.novastore.NovaStoreApplicationTests  : Started NovaStoreApplicationTests in 18.031 seconds (process running for 19.644)
]]></system-out>
  <system-err><![CDATA[]]></system-err>
</testsuite>
